1617456278786	geckodriver	INFO	Listening on 127.0.0.1:60329
1617456281787	mozrunner::runner	INFO	Running command: "C:\\Program Files\\Mozilla Firefox\\firefox.exe" "--marionette" "-foreground" "-no-remote" "-profile" "C:\\Users\\Dani\\AppData\\Local\\Temp\\rust_mozprofiletCHBHb"
console.warn: SearchSettings: "get: No settings file exists, new profile?" (new Error("", "(unknown module)"))
1617456287103	Marionette	INFO	Listening on port 60338
1617456287234	Marionette	WARN	TLS certificate errors will be ignored for this session
1617456294951	Marionette	WARN	Ignoring event 'pageshow' because document has an invalid readyState of 'uninitialized'.
1617456299338	Marionette	INFO	Stopped listening on port 60338
[Parent 20124, IPC I/O Parent] WARNING: file /builds/worker/checkouts/gecko/ipc/chromium/src/base/process_util_win.cc:167
[Parent 20124, IPC I/O Parent] WARNING: file /builds/worker/checkouts/gecko/ipc/chromium/src/base/process_util_win.cc:167

###!!! [Child][RunMessage] Error: Channel closing: too late to send/recv, messages will be lost

1617456330039	geckodriver	INFO	Listening on 127.0.0.1:60432
1617456333091	mozrunner::runner	INFO	Running command: "C:\\Program Files\\Mozilla Firefox\\firefox.exe" "--marionette" "-foreground" "-no-remote" "-profile" "C:\\Users\\Dani\\AppData\\Local\\Temp\\rust_mozprofile6Tv046"
console.warn: SearchSettings: "get: No settings file exists, new profile?" (new Error("", "(unknown module)"))
1617456337270	Marionette	INFO	Listening on port 60451
1617456337444	Marionette	WARN	TLS certificate errors will be ignored for this session
1617456347826	Marionette	WARN	Ignoring event 'pageshow' because document has an invalid readyState of 'uninitialized'.
1621278290079	geckodriver	INFO	Listening on 127.0.0.1:51436
1621278293427	mozrunner::runner	INFO	Running command: "C:\\Program Files\\Mozilla Firefox\\firefox.exe" "--marionette" "-foreground" "-no-remote" "-profile" "C:\\Users\\Dani\\AppData\\Local\\Temp\\rust_mozprofile10oamu"
1621278294874	Marionette	INFO	Marionette enabled
console.warn: SearchSettings: "get: No settings file exists, new profile?" (new Error("", "(unknown module)"))
1621278299036	Marionette	INFO	Listening on port 51444
1621278299482	Marionette	WARN	TLS certificate errors will be ignored for this session
1621278322005	Marionette	INFO	Stopped listening on port 51444

###!!! [Child][RunMessage] Error: Channel closing: too late to send/recv, messages will be lost

1621336932037	geckodriver	INFO	Listening on 127.0.0.1:62360
1621336935337	mozrunner::runner	INFO	Running command: "C:\\Program Files\\Mozilla Firefox\\firefox.exe" "--marionette" "-foreground" "-no-remote" "-profile" "C:\\Users\\Dani\\AppData\\Local\\Temp\\rust_mozprofileRGAb64"
1621336937484	Marionette	INFO	Marionette enabled
console.warn: SearchSettings: "get: No settings file exists, new profile?" (new Error("", "(unknown module)"))
1621336943709	Marionette	INFO	Listening on port 62368
1621336943837	Marionette	WARN	TLS certificate errors will be ignored for this session
1621337639383	Marionette	WARN	Ignoring event 'pageshow' because document has an invalid readyState of 'uninitialized'.
1621337781321	geckodriver	INFO	Listening on 127.0.0.1:62812
1621337784663	mozrunner::runner	INFO	Running command: "C:\\Program Files\\Mozilla Firefox\\firefox.exe" "--marionette" "-foreground" "-no-remote" "-profile" "C:\\Users\\Dani\\AppData\\Local\\Temp\\rust_mozprofileXmSoe6"
1621337785455	Marionette	INFO	Marionette enabled
console.warn: SearchSettings: "get: No settings file exists, new profile?" (new Error("", "(unknown module)"))
1621337789203	Marionette	INFO	Listening on port 62820
1621337789613	Marionette	WARN	TLS certificate errors will be ignored for this session
1621337814615	Marionette	WARN	Ignoring event 'pageshow' because document has an invalid readyState of 'uninitialized'.
1621337912233	Marionette	INFO	Stopped listening on port 62820

###!!! [Child][RunMessage] Error: Channel closing: too late to send/recv, messages will be lost

1621337922340	geckodriver	INFO	Listening on 127.0.0.1:62920
1621337925658	mozrunner::runner	INFO	Running command: "C:\\Program Files\\Mozilla Firefox\\firefox.exe" "--marionette" "-foreground" "-no-remote" "-profile" "C:\\Users\\Dani\\AppData\\Local\\Temp\\rust_mozprofileDMKrPP"
1621337926627	Marionette	INFO	Marionette enabled
console.warn: SearchSettings: "get: No settings file exists, new profile?" (new Error("", "(unknown module)"))
1621337930237	Marionette	INFO	Listening on port 62928
1621337930583	Marionette	WARN	TLS certificate errors will be ignored for this session
1621337935325	Marionette	WARN	Ignoring event 'pageshow' because document has an invalid readyState of 'uninitialized'.
1621337979040	geckodriver	INFO	Listening on 127.0.0.1:63026
1621337982425	mozrunner::runner	INFO	Running command: "C:\\Program Files\\Mozilla Firefox\\firefox.exe" "--marionette" "-foreground" "-no-remote" "-profile" "C:\\Users\\Dani\\AppData\\Local\\Temp\\rust_mozprofileGy3ooI"
1621337983197	Marionette	INFO	Marionette enabled
console.warn: SearchSettings: "get: No settings file exists, new profile?" (new Error("", "(unknown module)"))
1621337987006	Marionette	INFO	Listening on port 63034
1621337987380	Marionette	WARN	TLS certificate errors will be ignored for this session
1621337988868	Marionette	INFO	Stopped listening on port 63034
JavaScript error: resource://gre/modules/UrlClassifierListManager.jsm, line 691: TypeError: this.tablesData[table] is undefined

###!!! [Child][RunMessage] Error: Channel closing: too late to send/recv, messages will be lost

1621338008102	geckodriver	INFO	Listening on 127.0.0.1:63110
1621338011476	mozrunner::runner	INFO	Running command: "C:\\Program Files\\Mozilla Firefox\\firefox.exe" "--marionette" "-foreground" "-no-remote" "-profile" "C:\\Users\\Dani\\AppData\\Local\\Temp\\rust_mozprofileOon6M3"
1621338012283	Marionette	INFO	Marionette enabled
console.warn: SearchSettings: "get: No settings file exists, new profile?" (new Error("", "(unknown module)"))
1621338015699	Marionette	INFO	Listening on port 63118
1621338015839	Marionette	WARN	TLS certificate errors will be ignored for this session
1621338017472	Marionette	INFO	Stopped listening on port 63118

###!!! [Child][RunMessage] Error: Channel closing: too late to send/recv, messages will be lost

1621338059523	geckodriver	INFO	Listening on 127.0.0.1:63196
1621338062875	mozrunner::runner	INFO	Running command: "C:\\Program Files\\Mozilla Firefox\\firefox.exe" "--marionette" "-foreground" "-no-remote" "-profile" "C:\\Users\\Dani\\AppData\\Local\\Temp\\rust_mozprofileHbuokb"
1621338063638	Marionette	INFO	Marionette enabled
console.warn: SearchSettings: "get: No settings file exists, new profile?" (new Error("", "(unknown module)"))
1621338067130	Marionette	INFO	Listening on port 63204
1621338067234	Marionette	WARN	TLS certificate errors will be ignored for this session
1621338070829	Marionette	WARN	Ignoring event 'pageshow' because document has an invalid readyState of 'uninitialized'.
1621338097818	geckodriver	INFO	Listening on 127.0.0.1:63292
1621338101168	mozrunner::runner	INFO	Running command: "C:\\Program Files\\Mozilla Firefox\\firefox.exe" "--marionette" "-foreground" "-no-remote" "-profile" "C:\\Users\\Dani\\AppData\\Local\\Temp\\rust_mozprofilevIiWRz"
1621338102036	Marionette	INFO	Marionette enabled
console.warn: SearchSettings: "get: No settings file exists, new profile?" (new Error("", "(unknown module)"))
1621338105440	Marionette	INFO	Listening on port 63300
1621338105524	Marionette	WARN	TLS certificate errors will be ignored for this session
1621338110425	Marionette	WARN	Ignoring event 'pageshow' because document has an invalid readyState of 'uninitialized'.
1621338163744	geckodriver	INFO	Listening on 127.0.0.1:63399
1621338167088	mozrunner::runner	INFO	Running command: "C:\\Program Files\\Mozilla Firefox\\firefox.exe" "--marionette" "-foreground" "-no-remote" "-profile" "C:\\Users\\Dani\\AppData\\Local\\Temp\\rust_mozprofileDLLBRE"
1621338167991	Marionette	INFO	Marionette enabled
console.warn: SearchSettings: "get: No settings file exists, new profile?" (new Error("", "(unknown module)"))
1621338171526	Marionette	INFO	Listening on port 63408
1621338172055	Marionette	WARN	TLS certificate errors will be ignored for this session
1621338175522	Marionette	WARN	Ignoring event 'pageshow' because document has an invalid readyState of 'uninitialized'.
1621338227021	geckodriver	INFO	Listening on 127.0.0.1:63499
1621338230363	mozrunner::runner	INFO	Running command: "C:\\Program Files\\Mozilla Firefox\\firefox.exe" "--marionette" "-foreground" "-no-remote" "-profile" "C:\\Users\\Dani\\AppData\\Local\\Temp\\rust_mozprofileypmdNm"
1621338231146	Marionette	INFO	Marionette enabled
console.warn: SearchSettings: "get: No settings file exists, new profile?" (new Error("", "(unknown module)"))
1621338234432	Marionette	INFO	Listening on port 63507
1621338234696	Marionette	WARN	TLS certificate errors will be ignored for this session
1621338236135	Marionette	INFO	Stopped listening on port 63507
[Parent 17932, IPC I/O Parent] WARNING: file /builds/worker/checkouts/gecko/ipc/chromium/src/base/process_util_win.cc:167

###!!! [Child][RunMessage] Error: Channel closing: too late to send/recv, messages will be lost

1621338263423	geckodriver	INFO	Listening on 127.0.0.1:63580
1621338266787	mozrunner::runner	INFO	Running command: "C:\\Program Files\\Mozilla Firefox\\firefox.exe" "--marionette" "-foreground" "-no-remote" "-profile" "C:\\Users\\Dani\\AppData\\Local\\Temp\\rust_mozprofile8pMeQi"
1621338267556	Marionette	INFO	Marionette enabled
console.warn: SearchSettings: "get: No settings file exists, new profile?" (new Error("", "(unknown module)"))
1621338271123	Marionette	INFO	Listening on port 63588
1621338271235	Marionette	WARN	TLS certificate errors will be ignored for this session
1621338274723	Marionette	WARN	Ignoring event 'pageshow' because document has an invalid readyState of 'uninitialized'.
1621338458478	geckodriver	INFO	Listening on 127.0.0.1:63698
1621338461811	mozrunner::runner	INFO	Running command: "C:\\Program Files\\Mozilla Firefox\\firefox.exe" "--marionette" "-foreground" "-no-remote" "-profile" "C:\\Users\\Dani\\AppData\\Local\\Temp\\rust_mozprofilec9aziE"
1621338462606	Marionette	INFO	Marionette enabled
console.warn: SearchSettings: "get: No settings file exists, new profile?" (new Error("", "(unknown module)"))
1621338465949	Marionette	INFO	Listening on port 63707
1621338466194	Marionette	WARN	TLS certificate errors will be ignored for this session
1621338471270	Marionette	WARN	Ignoring event 'pageshow' because document has an invalid readyState of 'uninitialized'.
1621338521426	geckodriver	INFO	Listening on 127.0.0.1:63807
1621338524744	mozrunner::runner	INFO	Running command: "C:\\Program Files\\Mozilla Firefox\\firefox.exe" "--marionette" "-foreground" "-no-remote" "-profile" "C:\\Users\\Dani\\AppData\\Local\\Temp\\rust_mozprofiledqEhoO"
1621338525526	Marionette	INFO	Marionette enabled
console.warn: SearchSettings: "get: No settings file exists, new profile?" (new Error("", "(unknown module)"))
1621338529077	Marionette	INFO	Listening on port 63815
1621338529175	Marionette	WARN	TLS certificate errors will be ignored for this session
1621338534039	Marionette	WARN	Ignoring event 'pageshow' because document has an invalid readyState of 'uninitialized'.
1621340920312	geckodriver	INFO	Listening on 127.0.0.1:64661
1621340923629	mozrunner::runner	INFO	Running command: "C:\\Program Files\\Mozilla Firefox\\firefox.exe" "--marionette" "--headless" "-foreground" "-no-remote" "-profile" "C:\\Users\\Dani\\AppData\\Local\\Temp\\rust_mozprofilejkxi3c"
*** You are running in headless mode.
1621340924397	Marionette	INFO	Marionette enabled
console.warn: SearchSettings: "get: No settings file exists, new profile?" (new Error("", "(unknown module)"))
1621340926169	Marionette	INFO	Listening on port 64669
1621340926471	Marionette	WARN	TLS certificate errors will be ignored for this session
1621340931190	Marionette	WARN	Ignoring event 'pageshow' because document has an invalid readyState of 'uninitialized'.
JavaScript warning: https://pagead2.googlesyndication.com/bg/NEBu3pajZdeXNrzBMTKKpDrnjihkyh5N8uMAWlauysY.js line 1 > eval line 1767 > eval line 1 > eval, line 1: Failed to create WebGL context: WebGL creation failed:
* Can't use WebGL in headless mode (https://bugzil.la/1375585).
1621340975546	geckodriver	INFO	Listening on 127.0.0.1:64764
1621340978863	mozrunner::runner	INFO	Running command: "C:\\Program Files\\Mozilla Firefox\\firefox.exe" "--marionette" "-foreground" "-no-remote" "-profile" "C:\\Users\\Dani\\AppData\\Local\\Temp\\rust_mozprofileZmdAq4"
1621340979708	Marionette	INFO	Marionette enabled
console.warn: SearchSettings: "get: No settings file exists, new profile?" (new Error("", "(unknown module)"))
1621340983125	Marionette	INFO	Listening on port 64773
1621340983227	Marionette	WARN	TLS certificate errors will be ignored for this session
1621340987948	Marionette	WARN	Ignoring event 'pageshow' because document has an invalid readyState of 'uninitialized'.
1621340994417	Marionette	INFO	Stopped listening on port 64773

###!!! [Child][RunMessage] Error: Channel closing: too late to send/recv, messages will be lost

1621341089405	geckodriver	INFO	Listening on 127.0.0.1:64873
1621341092864	mozrunner::runner	INFO	Running command: "C:\\Program Files\\Mozilla Firefox\\firefox.exe" "--marionette" "-foreground" "-no-remote" "-profile" "C:\\Users\\Dani\\AppData\\Local\\Temp\\rust_mozprofilecNTDKX"
1621341093629	Marionette	INFO	Marionette enabled
console.warn: SearchSettings: "get: No settings file exists, new profile?" (new Error("", "(unknown module)"))
1621341096735	Marionette	INFO	Listening on port 64881
1621341097232	Marionette	WARN	TLS certificate errors will be ignored for this session
1621341108585	Marionette	WARN	Ignoring event 'pageshow' because document has an invalid readyState of 'uninitialized'.
1621341218997	geckodriver	INFO	Listening on 127.0.0.1:64980
1621341222344	mozrunner::runner	INFO	Running command: "C:\\Program Files\\Mozilla Firefox\\firefox.exe" "--marionette" "-foreground" "-no-remote" "-profile" "C:\\Users\\Dani\\AppData\\Local\\Temp\\rust_mozprofile6XiVEM"
1621341223111	Marionette	INFO	Marionette enabled
console.warn: SearchSettings: "get: No settings file exists, new profile?" (new Error("", "(unknown module)"))
1621341226512	Marionette	INFO	Listening on port 64989
1621341226696	Marionette	WARN	TLS certificate errors will be ignored for this session
1621341231916	Marionette	WARN	Ignoring event 'pageshow' because document has an invalid readyState of 'uninitialized'.
1621341340583	geckodriver	INFO	Listening on 127.0.0.1:65106
1621341343926	mozrunner::runner	INFO	Running command: "C:\\Program Files\\Mozilla Firefox\\firefox.exe" "--marionette" "-foreground" "-no-remote" "-profile" "C:\\Users\\Dani\\AppData\\Local\\Temp\\rust_mozprofileBEb9H0"
1621341344705	Marionette	INFO	Marionette enabled
console.warn: SearchSettings: "get: No settings file exists, new profile?" (new Error("", "(unknown module)"))
1621341348133	Marionette	INFO	Listening on port 65114
1621341348306	Marionette	WARN	TLS certificate errors will be ignored for this session
1621341355564	Marionette	WARN	Ignoring event 'pageshow' because document has an invalid readyState of 'uninitialized'.
1621341469369	geckodriver	INFO	Listening on 127.0.0.1:65228
1621341472707	mozrunner::runner	INFO	Running command: "C:\\Program Files\\Mozilla Firefox\\firefox.exe" "--marionette" "-foreground" "-no-remote" "-profile" "C:\\Users\\Dani\\AppData\\Local\\Temp\\rust_mozprofileSNNd8a"
1621341473505	Marionette	INFO	Marionette enabled
console.warn: SearchSettings: "get: No settings file exists, new profile?" (new Error("", "(unknown module)"))
1621341477372	Marionette	INFO	Listening on port 65236
1621341477670	Marionette	WARN	TLS certificate errors will be ignored for this session
JavaScript error: , line 0: uncaught exception: Skipping for logged out.
1621341482807	Marionette	WARN	Ignoring event 'pageshow' because document has an invalid readyState of 'uninitialized'.
1621341615310	geckodriver	INFO	Listening on 127.0.0.1:65340
1621341618640	mozrunner::runner	INFO	Running command: "C:\\Program Files\\Mozilla Firefox\\firefox.exe" "--marionette" "-foreground" "-no-remote" "-profile" "C:\\Users\\Dani\\AppData\\Local\\Temp\\rust_mozprofilewoFGb4"
1621341619390	Marionette	INFO	Marionette enabled
console.warn: SearchSettings: "get: No settings file exists, new profile?" (new Error("", "(unknown module)"))
1621341622747	Marionette	INFO	Listening on port 65349
1621341622994	Marionette	WARN	TLS certificate errors will be ignored for this session
1621341626567	Marionette	WARN	Ignoring event 'pageshow' because document has an invalid readyState of 'uninitialized'.
1621345838050	geckodriver	INFO	Listening on 127.0.0.1:62398
1621345841077	mozrunner::runner	INFO	Running command: "C:\\Program Files\\Mozilla Firefox\\firefox.exe" "--marionette" "-foreground" "-no-remote" "-profile" "C:\\Users\\User\\AppData\\Local\\Temp\\rust_mozprofilesqIItT"
1621345841439	Marionette	INFO	Marionette enabled
console.warn: SearchSettings: "get: No settings file exists, new profile?" (new Error("", "(unknown module)"))
1621345843509	Marionette	INFO	Listening on port 62406
1621345843749	Marionette	WARN	TLS certificate errors will be ignored for this session
1621345852302	Marionette	WARN	Ignoring event 'pageshow' because document has an invalid readyState of 'uninitialized'.1621351148307	Marionette	INFO	Stopped listening on port 62406
621345891383	mozrunner::runner	INFO	Running command: "C:\\Program Files\\Mozilla Firefox\\firefox.exe" "--marionette" "-foreground" "-no-remote" "-profile" "C:\\Users\\User\\AppData\\Local\\Temp\\rust_mozprofileXSkN4U"
1621345891735	Marionette	INFO	Marionette enabled
console.warn: SearchSettings: "get: No settings file exists, new profile?" (new Error("", "(unknown module)"))
1621345893820	Marionette	INFO	Listening on port 62501
1621345894040	Marionette	WARN	TLS certificate errors will be ignored for this session
1621345899389	Marionette	WARN	Ignoring event 'pageshow' because document has an invalid readyState of 'uninitialized'.
1621345972049	Marionette	INFO	Stopped listening on port 62501
1621408721758	geckodriver	INFO	Listening on 127.0.0.1:53086
1621408725062	mozrunner::runner	INFO	Running command: "C:\\Program Files\\Mozilla Firefox\\firefox.exe" "--marionette" "-foreground" "-no-remote" "-profile" "C:\\Users\\Dani\\AppData\\Local\\Temp\\rust_mozprofile2uZHW5"
1621408727023	Marionette	INFO	Marionette enabled
console.warn: SearchSettings: "get: No settings file exists, new profile?" (new Error("", "(unknown module)"))
1621408733572	Marionette	INFO	Listening on port 53094
1621408733868	Marionette	WARN	TLS certificate errors will be ignored for this session
1621408741739	Marionette	WARN	Ignoring event 'pageshow' because document has an invalid readyState of 'uninitialized'.
1621714221141	geckodriver	INFO	Listening on 127.0.0.1:65077
1621714224494	mozrunner::runner	INFO	Running command: "C:\\Program Files\\Mozilla Firefox\\firefox.exe" "--marionette" "-foreground" "-no-remote" "-profile" "C:\\Users\\Dani\\AppData\\Local\\Temp\\rust_mozprofile5f3yDD"
1621714225889	Marionette	INFO	Marionette enabled
console.warn: SearchSettings: "get: No settings file exists, new profile?" (new Error("", "(unknown module)"))
1621714229863	Marionette	INFO	Listening on port 65085
1621714229991	Marionette	WARN	TLS certificate errors will be ignored for this session
1621714235963	Marionette	WARN	Ignoring event 'pageshow' because document has an invalid readyState of 'uninitialized'.
1621715116748	geckodriver	INFO	Listening on 127.0.0.1:49177
1621715120117	mozrunner::runner	INFO	Running command: "C:\\Program Files\\Mozilla Firefox\\firefox.exe" "--marionette" "-foreground" "-no-remote" "-profile" "C:\\Users\\Dani\\AppData\\Local\\Temp\\rust_mozprofilePfe5BP"
1621715120996	Marionette	INFO	Marionette enabled
console.warn: SearchSettings: "get: No settings file exists, new profile?" (new Error("", "(unknown module)"))
1621715124523	Marionette	INFO	Listening on port 49185
1621715124552	Marionette	WARN	TLS certificate errors will be ignored for this session
1621715129103	Marionette	WARN	Ignoring event 'pageshow' because document has an invalid readyState of 'uninitialized'.
1621715201086	geckodriver	INFO	Listening on 127.0.0.1:49288
1621715206395	mozrunner::runner	INFO	Running command: "C:\\Program Files\\Mozilla Firefox\\firefox.exe" "--marionette" "-foreground" "-no-remote" "-profile" "C:\\Users\\Dani\\AppData\\Local\\Temp\\rust_mozprofilepwpHlx"
1621715207175	Marionette	INFO	Marionette enabled
console.warn: SearchSettings: "get: No settings file exists, new profile?" (new Error("", "(unknown module)"))
1621715210134	Marionette	INFO	Listening on port 49297
1621715210230	Marionette	WARN	TLS certificate errors will be ignored for this session
1621715218539	Marionette	WARN	Ignoring event 'pageshow' because document has an invalid readyState of 'uninitialized'.

###!!! [Parent][RunMessage] Error: Channel closing: too late to send/recv, messages will be lost


###!!! [Parent][RunMessage] Error: Channel closing: too late to send/recv, messages will be lost


###!!! [Parent][RunMessage] Error: Channel closing: too late to send/recv, messages will be lost


###!!! [Parent][RunMessage] Error: Channel closing: too late to send/recv, messages will be lost

1621717191797	geckodriver	INFO	Listening on 127.0.0.1:49807
1621717195131	mozrunner::runner	INFO	Running command: "C:\\Program Files\\Mozilla Firefox\\firefox.exe" "--marionette" "-foreground" "-no-remote" "-profile" "C:\\Users\\Dani\\AppData\\Local\\Temp\\rust_mozprofileqixxpb"
1621717195944	Marionette	INFO	Marionette enabled
console.warn: SearchSettings: "get: No settings file exists, new profile?" (new Error("", "(unknown module)"))
1621717199373	Marionette	INFO	Listening on port 49816
1621717199488	Marionette	WARN	TLS certificate errors will be ignored for this session
1621717204016	Marionette	WARN	Ignoring event 'pageshow' because document has an invalid readyState of 'uninitialized'.
1621717338638	geckodriver	INFO	Listening on 127.0.0.1:49925
1621717341969	mozrunner::runner	INFO	Running command: "C:\\Program Files\\Mozilla Firefox\\firefox.exe" "--marionette" "-foreground" "-no-remote" "-profile" "C:\\Users\\Dani\\AppData\\Local\\Temp\\rust_mozprofiles0qXMl"
1621717342728	Marionette	INFO	Marionette enabled
console.warn: SearchSettings: "get: No settings file exists, new profile?" (new Error("", "(unknown module)"))
1621717346109	Marionette	INFO	Listening on port 49934
1621717346318	Marionette	WARN	TLS certificate errors will be ignored for this session
1621717350851	Marionette	WARN	Ignoring event 'pageshow' because document has an invalid readyState of 'uninitialized'.
1621717570994	geckodriver	INFO	Listening on 127.0.0.1:50044
1621717574345	mozrunner::runner	INFO	Running command: "C:\\Program Files\\Mozilla Firefox\\firefox.exe" "--marionette" "-foreground" "-no-remote" "-profile" "C:\\Users\\Dani\\AppData\\Local\\Temp\\rust_mozprofileNEFQgu"
1621717575181	Marionette	INFO	Marionette enabled
console.warn: SearchSettings: "get: No settings file exists, new profile?" (new Error("", "(unknown module)"))
1621717578322	Marionette	INFO	Listening on port 50052
1621717578761	Marionette	WARN	TLS certificate errors will be ignored for this session
1621717582628	Marionette	WARN	Ignoring event 'pageshow' because document has an invalid readyState of 'uninitialized'.
1621717905392	geckodriver	INFO	Listening on 127.0.0.1:50170
1621717908746	mozrunner::runner	INFO	Running command: "C:\\Program Files\\Mozilla Firefox\\firefox.exe" "--marionette" "-foreground" "-no-remote" "-profile" "C:\\Users\\Dani\\AppData\\Local\\Temp\\rust_mozprofilengEibE"
1621717909576	Marionette	INFO	Marionette enabled
console.warn: SearchSettings: "get: No settings file exists, new profile?" (new Error("", "(unknown module)"))
1621717912945	Marionette	INFO	Listening on port 50179
1621717913081	Marionette	WARN	TLS certificate errors will be ignored for this session
1621717918149	Marionette	WARN	Ignoring event 'pageshow' because document has an invalid readyState of 'uninitialized'.
1621718018175	geckodriver	INFO	Listening on 127.0.0.1:50281
1621718021528	mozrunner::runner	INFO	Running command: "C:\\Program Files\\Mozilla Firefox\\firefox.exe" "--marionette" "-foreground" "-no-remote" "-profile" "C:\\Users\\Dani\\AppData\\Local\\Temp\\rust_mozprofiledWYHqG"
1621718022312	Marionette	INFO	Marionette enabled
console.warn: SearchSettings: "get: No settings file exists, new profile?" (new Error("", "(unknown module)"))
1621718025802	Marionette	INFO	Listening on port 50290
1621718025887	Marionette	WARN	TLS certificate errors will be ignored for this session
1621718029531	Marionette	WARN	Ignoring event 'pageshow' because document has an invalid readyState of 'uninitialized'.
1621718415572	geckodriver	INFO	Listening on 127.0.0.1:50432
1621718418900	mozrunner::runner	INFO	Running command: "C:\\Program Files\\Mozilla Firefox\\firefox.exe" "--marionette" "-foreground" "-no-remote" "-profile" "C:\\Users\\Dani\\AppData\\Local\\Temp\\rust_mozprofileSfLZ9x"
1621718419696	Marionette	INFO	Marionette enabled
console.warn: SearchSettings: "get: No settings file exists, new profile?" (new Error("", "(unknown module)"))
1621718423134	Marionette	INFO	Listening on port 50440
1621718423247	Marionette	WARN	TLS certificate errors will be ignored for this session
1621718428161	Marionette	WARN	Ignoring event 'pageshow' because document has an invalid readyState of 'uninitialized'.
[Parent 18640, IPC I/O Parent] WARNING: file /builds/worker/checkouts/gecko/ipc/chromium/src/base/process_util_win.cc:167
1621718677694	Marionette	INFO	Stopped listening on port 50440

###!!! [Child][RunMessage] Error: Channel closing: too late to send/recv, messages will be lost

605363	Marionette	INFO	Marionette enabled
console.warn: SearchSettings: "get: No settings file exists, new profile?" (new Error("", "(unknown module)"))
1621718608961	Marionette	INFO	Listening on port 50545
1621718609211	Marionette	WARN	TLS certificate errors will be ignored for this session
1621718612813	Marionette	WARN	Ignoring event 'pageshow' because document has an invalid readyState of 'uninitialized'.
1621719043153	geckodriver	INFO	Listening on 127.0.0.1:50705
1621719046449	mozrunner::runner	INFO	Running command: "C:\\Program Files\\Mozilla Firefox\\firefox.exe" "--marionette" "-foreground" "-no-remote" "-profile" "C:\\Users\\Dani\\AppData\\Local\\Temp\\rust_mozprofileepTo6Y"
1621719047574	Marionette	INFO	Marionette enabled
console.warn: SearchSettings: "get: No settings file exists, new profile?" (new Error("", "(unknown module)"))
1621719051178	Marionette	INFO	Listening on port 50714
1621719051386	Marionette	WARN	TLS certificate errors will be ignored for this session
1621719056323	Marionette	WARN	Ignoring event 'pageshow' because document has an invalid readyState of 'uninitialized'.
1621719162246	geckodriver	INFO	Listening on 127.0.0.1:50810
1621719165758	mozrunner::runner	INFO	Running command: "C:\\Program Files\\Mozilla Firefox\\firefox.exe" "--marionette" "-foreground" "-no-remote" "-profile" "C:\\Users\\Dani\\AppData\\Local\\Temp\\rust_mozprofilesIMxhs"
1621719166549	Marionette	INFO	Marionette enabled
console.warn: SearchSettings: "get: No settings file exists, new profile?" (new Error("", "(unknown module)"))
1621719169919	Marionette	INFO	Listening on port 50818
1621719170122	Marionette	WARN	TLS certificate errors will be ignored for this session
1621719173511	Marionette	WARN	Ignoring event 'pageshow' because document has an invalid readyState of 'uninitialized'.
1621719796843	geckodriver	INFO	Listening on 127.0.0.1:50962
1621719800195	mozrunner::runner	INFO	Running command: "C:\\Program Files\\Mozilla Firefox\\firefox.exe" "--marionette" "-foreground" "-no-remote" "-profile" "C:\\Users\\Dani\\AppData\\Local\\Temp\\rust_mozprofileKLly77"
1621719801288	Marionette	INFO	Marionette enabled
console.warn: SearchSettings: "get: No settings file exists, new profile?" (new Error("", "(unknown module)"))
1621719804879	Marionette	INFO	Listening on port 50970
1621719805176	Marionette	WARN	TLS certificate errors will be ignored for this session
1621719810192	Marionette	WARN	Ignoring event 'pageshow' because document has an invalid readyState of 'uninitialized'.
1621719922283	geckodriver	INFO	Listening on 127.0.0.1:51072
1621719925697	mozrunner::runner	INFO	Running command: "C:\\Program Files\\Mozilla Firefox\\firefox.exe" "--marionette" "-foreground" "-no-remote" "-profile" "C:\\Users\\Dani\\AppData\\Local\\Temp\\rust_mozprofilezBirkf"
1621719926443	Marionette	INFO	Marionette enabled
console.warn: SearchSettings: "get: No settings file exists, new profile?" (new Error("", "(unknown module)"))
1621719929882	Marionette	INFO	Listening on port 51082
1621719930035	Marionette	WARN	TLS certificate errors will be ignored for this session
1621719934809	Marionette	WARN	Ignoring event 'pageshow' because document has an invalid readyState of 'uninitialized'.
1621720061414	geckodriver	INFO	Listening on 127.0.0.1:51198
1621720064702	mozrunner::runner	INFO	Running command: "C:\\Program Files\\Mozilla Firefox\\firefox.exe" "--marionette" "-foreground" "-no-remote" "-profile" "C:\\Users\\Dani\\AppData\\Local\\Temp\\rust_mozprofileBvbxSm"
1621720065454	Marionette	INFO	Marionette enabled
console.warn: SearchSettings: "get: No settings file exists, new profile?" (new Error("", "(unknown module)"))
1621720069173	Marionette	INFO	Listening on port 51206
1621720069663	Marionette	WARN	TLS certificate errors will be ignored for this session
1621720074833	Marionette	WARN	Ignoring event 'pageshow' because document has an invalid readyState of 'uninitialized'.
1621720240411	Marionette	INFO	Stopped listening on port 51206

###!!! [Child][RunMessage] Error: Channel closing: too late to send/recv, messages will be lost

1621720276367	geckodriver	INFO	Listening on 127.0.0.1:51312
1621720279712	mozrunner::runner	INFO	Running command: "C:\\Program Files\\Mozilla Firefox\\firefox.exe" "--marionette" "-foreground" "-no-remote" "-profile" "C:\\Users\\Dani\\AppData\\Local\\Temp\\rust_mozprofileFXz2El"
1621720280435	Marionette	INFO	Marionette enabled
console.warn: SearchSettings: "get: No settings file exists, new profile?" (new Error("", "(unknown module)"))
1621720283881	Marionette	INFO	Listening on port 51320
1621720284049	Marionette	WARN	TLS certificate errors will be ignored for this session
1621720288969	Marionette	WARN	Ignoring event 'pageshow' because document has an invalid readyState of 'uninitialized'.
1621720370878	geckodriver	INFO	Listening on 127.0.0.1:51446
1621720374198	mozrunner::runner	INFO	Running command: "C:\\Program Files\\Mozilla Firefox\\firefox.exe" "--marionette" "-foreground" "-no-remote" "-profile" "C:\\Users\\Dani\\AppData\\Local\\Temp\\rust_mozprofilevXhh5o"
1621720374938	Marionette	INFO	Marionette enabled
console.warn: SearchSettings: "get: No settings file exists, new profile?" (new Error("", "(unknown module)"))
1621720378369	Marionette	INFO	Listening on port 51454
1621720378547	Marionette	WARN	TLS certificate errors will be ignored for this session
1621720385069	Marionette	WARN	Ignoring event 'pageshow' because document has an invalid readyState of 'uninitialized'.
